# JRE version: Java(TM) SE Runtime Environment (8.0_291-b10) (build 1.8.0_291-b10)
# Java VM: Java HotSpot(TM) 64-Bit Server VM (25.291-b10 mixed mode windows-amd64 compressed oops)
Heap:
 PSYoungGen      total 1113600K, used 888341K [0x000000076ba00000, 0x00000007b4b80000, 0x00000007c0000000)
  eden space 1039872K, 83% used [0x000000076ba00000,0x00000007a0cbd638,0x00000007ab180000)
  from space 73728K, 23% used [0x00000007af800000,0x00000007b08c8000,0x00000007b4000000)
  to   space 72192K, 0% used [0x00000007ab180000,0x00000007ab180000,0x00000007af800000)
 ParOldGen       total 691200K, used 567501K [0x00000006c2e00000, 0x00000006ed100000, 0x000000076ba00000)
  object space 691200K, 82% used [0x00000006c2e00000,0x00000006e5833538,0x00000006ed100000)
 Metaspace       used 85436K, capacity 85998K, committed 86528K, reserved 1128448K
  class space    used 7435K, capacity 7578K, committed 7680K, reserved 1048576K
GC Heap History (10 events):
Event: 330.178 GC heap before
{Heap before GC invocations=65 (full 5):
 PSYoungGen      total 912896K, used 61184K [0x000000076ba00000, 0x00000007a8800000, 0x00000007c0000000)
  eden space 849920K, 0% used [0x000000076ba00000,0x000000076ba00000,0x000000079f800000)
  from space 62976K, 97% used [0x00000007a3e80000,0x00000007a7a40010,0x00000007a7c00000)
  to   space 72192K, 0% used [0x000000079f800000,0x000000079f800000,0x00000007a3e80000)
 ParOldGen       total 425472K, used 396597K [0x00000006c2e00000, 0x00000006dcd80000, 0x000000076ba00000)
  object space 425472K, 93% used [0x00000006c2e00000,0x00000006db14d5d0,0x00000006dcd80000)
 Metaspace       used 81684K, capacity 82250K, committed 82688K, reserved 1124352K
  class space    used 7278K, capacity 7416K, committed 7424K, reserved 1048576K
Event: 330.746 GC heap after
Heap after GC invocations=65 (full 5):
 PSYoungGen      total 912896K, used 16463K [0x000000076ba00000, 0x00000007a8800000, 0x00000007c0000000)
  eden space 849920K, 0% used [0x000000076ba00000,0x000000076ba00000,0x000000079f800000)
  from space 62976K, 26% used [0x00000007a3e80000,0x00000007a4e93e48,0x00000007a7c00000)
  to   space 72192K, 0% used [0x000000079f800000,0x000000079f800000,0x00000007a3e80000)
 ParOldGen       total 691200K, used 425325K [0x00000006c2e00000, 0x00000006ed100000, 0x000000076ba00000)
  object space 691200K, 61% used [0x00000006c2e00000,0x00000006dcd5b6d0,0x00000006ed100000)
 Metaspace       used 81684K, capacity 82250K, committed 82688K, reserved 1124352K
  class space    used 7278K, capacity 7416K, committed 7424K, reserved 1048576K
}
Event: 364.524 GC heap before
{Heap before GC invocations=66 (full 5):
 PSYoungGen      total 912896K, used 866383K [0x000000076ba00000, 0x00000007a8800000, 0x00000007c0000000)
  eden space 849920K, 100% used [0x000000076ba00000,0x000000079f800000,0x000000079f800000)
  from space 62976K, 26% used [0x00000007a3e80000,0x00000007a4e93e48,0x00000007a7c00000)
  to   space 72192K, 0% used [0x000000079f800000,0x000000079f800000,0x00000007a3e80000)
 ParOldGen       total 691200K, used 425325K [0x00000006c2e00000, 0x00000006ed100000, 0x000000076ba00000)
  object space 691200K, 61% used [0x00000006c2e00000,0x00000006dcd5b6d0,0x00000006ed100000)
 Metaspace       used 81794K, capacity 82314K, committed 82688K, reserved 1124352K
  class space    used 7280K, capacity 7416K, committed 7424K, reserved 1048576K
Event: 364.571 GC heap after
Heap after GC invocations=66 (full 5):
 PSYoungGen      total 922112K, used 64413K [0x000000076ba00000, 0x00000007af080000, 0x00000007c0000000)
  eden space 849920K, 0% used [0x000000076ba00000,0x000000076ba00000,0x000000079f800000)
  from space 72192K, 89% used [0x000000079f800000,0x00000007a36e7430,0x00000007a3e80000)
  to   space 80896K, 0% used [0x00000007aa180000,0x00000007aa180000,0x00000007af080000)
 ParOldGen       total 691200K, used 441906K [0x00000006c2e00000, 0x00000006ed100000, 0x000000076ba00000)
  object space 691200K, 63% used [0x00000006c2e00000,0x00000006ddd8cbe8,0x00000006ed100000)
 Metaspace       used 81794K, capacity 82314K, committed 82688K, reserved 1124352K
  class space    used 7280K, capacity 7416K, committed 7424K, reserved 1048576K
}
Event: 374.165 GC heap before
{Heap before GC invocations=67 (full 5):
 PSYoungGen      total 922112K, used 914333K [0x000000076ba00000, 0x00000007af080000, 0x00000007c0000000)
  eden space 849920K, 100% used [0x000000076ba00000,0x000000079f800000,0x000000079f800000)
  from space 72192K, 89% used [0x000000079f800000,0x00000007a36e7430,0x00000007a3e80000)
  to   space 80896K, 0% used [0x00000007aa180000,0x00000007aa180000,0x00000007af080000)
 ParOldGen       total 691200K, used 441906K [0x00000006c2e00000, 0x00000006ed100000, 0x000000076ba00000)
  object space 691200K, 63% used [0x00000006c2e00000,0x00000006ddd8cbe8,0x00000006ed100000)
 Metaspace       used 83268K, capacity 83854K, committed 84352K, reserved 1126400K
  class space    used 7419K, capacity 7546K, committed 7552K, reserved 1048576K
Event: 374.199 GC heap after
Heap after GC invocations=67 (full 5):
 PSYoungGen      total 1005056K, used 35690K [0x000000076ba00000, 0x00000007ae400000, 0x00000007c0000000)
  eden space 936960K, 0% used [0x000000076ba00000,0x000000076ba00000,0x00000007a4d00000)
  from space 68096K, 52% used [0x00000007aa180000,0x00000007ac45a8b0,0x00000007ae400000)
  to   space 77312K, 0% used [0x00000007a4d00000,0x00000007a4d00000,0x00000007a9880000)
 ParOldGen       total 691200K, used 506137K [0x00000006c2e00000, 0x00000006ed100000, 0x000000076ba00000)
  object space 691200K, 73% used [0x00000006c2e00000,0x00000006e1c46470,0x00000006ed100000)
 Metaspace       used 83268K, capacity 83854K, committed 84352K, reserved 1126400K
  class space    used 7419K, capacity 7546K, committed 7552K, reserved 1048576K
}
Event: 376.719 GC heap before
{Heap before GC invocations=68 (full 5):
 PSYoungGen      total 1005056K, used 972650K [0x000000076ba00000, 0x00000007ae400000, 0x00000007c0000000)
  eden space 936960K, 100% used [0x000000076ba00000,0x00000007a4d00000,0x00000007a4d00000)
  from space 68096K, 52% used [0x00000007aa180000,0x00000007ac45a8b0,0x00000007ae400000)
  to   space 77312K, 0% used [0x00000007a4d00000,0x00000007a4d00000,0x00000007a9880000)
 ParOldGen       total 691200K, used 506137K [0x00000006c2e00000, 0x00000006ed100000, 0x000000076ba00000)
  object space 691200K, 73% used [0x00000006c2e00000,0x00000006e1c46470,0x00000006ed100000)
 Metaspace       used 85309K, capacity 85870K, committed 86272K, reserved 1128448K
  class space    used 7434K, capacity 7578K, committed 7680K, reserved 1048576K
Event: 376.743 GC heap after
Heap after GC invocations=68 (full 5):
 PSYoungGen      total 1014272K, used 27938K [0x000000076ba00000, 0x00000007b4000000, 0x00000007c0000000)
  eden space 936960K, 0% used [0x000000076ba00000,0x000000076ba00000,0x00000007a4d00000)
  from space 77312K, 36% used [0x00000007a4d00000,0x00000007a6848940,0x00000007a9880000)
  to   space 73728K, 0% used [0x00000007af800000,0x00000007af800000,0x00000007b4000000)
 ParOldGen       total 691200K, used 539924K [0x00000006c2e00000, 0x00000006ed100000, 0x000000076ba00000)
  object space 691200K, 78% used [0x00000006c2e00000,0x00000006e3d45350,0x00000006ed100000)
 Metaspace       used 85309K, capacity 85870K, committed 86272K, reserved 1128448K
  class space    used 7434K, capacity 7578K, committed 7680K, reserved 1048576K
}
Event: 377.657 GC heap before
{Heap before GC invocations=69 (full 5):
 PSYoungGen      total 1014272K, used 964898K [0x000000076ba00000, 0x00000007b4000000, 0x00000007c0000000)
  eden space 936960K, 100% used [0x000000076ba00000,0x00000007a4d00000,0x00000007a4d00000)
  from space 77312K, 36% used [0x00000007a4d00000,0x00000007a6848940,0x00000007a9880000)
  to   space 73728K, 0% used [0x00000007af800000,0x00000007af800000,0x00000007b4000000)
 ParOldGen       total 691200K, used 539924K [0x00000006c2e00000, 0x00000006ed100000, 0x000000076ba00000)
  object space 691200K, 78% used [0x00000006c2e00000,0x00000006e3d45350,0x00000006ed100000)
 Metaspace       used 85414K, capacity 85998K, committed 86528K, reserved 1128448K
  class space    used 7434K, capacity 7578K, committed 7680K, reserved 1048576K
Event: 377.674 GC heap after
Heap after GC invocations=69 (full 5):
 PSYoungGen      total 1113600K, used 17184K [0x000000076ba00000, 0x00000007b4b80000, 0x00000007c0000000)
  eden space 1039872K, 0% used [0x000000076ba00000,0x000000076ba00000,0x00000007ab180000)
  from space 73728K, 23% used [0x00000007af800000,0x00000007b08c8000,0x00000007b4000000)
  to   space 72192K, 0% used [0x00000007ab180000,0x00000007ab180000,0x00000007af800000)
 ParOldGen       total 691200K, used 567501K [0x00000006c2e00000, 0x00000006ed100000, 0x000000076ba00000)
  object space 691200K, 82% used [0x00000006c2e00000,0x00000006e5833538,0x00000006ed100000)
 Metaspace       used 85414K, capacity 85998K, committed 86528K, reserved 1128448K
  class space    used 7434K, capacity 7578K, committed 7680K, reserved 1048576K
}

